Using pre-set license
Built from '2020.3/release' branch; Version is '2020.3.2f1 (8fd9074bf66c) revision 9427207'; Using compiler version '192528614'; Build Type 'Release'
OS: 'Windows 10 Enterprise; OS build 19042.1110; Version 2009; 64bit' Language: 'tr' Physical Memory: 16200 MB
BatchMode: 1, IsHumanControllingUs: 0, StartBugReporterOnCrash: 0, Is64bit: 1, IsPro: 0

 COMMAND LINE ARGUMENTS:
C:\Users\Merve\Desktop\Uygulamalar\UNITY\2020.3.2f1\Editor\Unity.exe
-adb2
-batchMode
-noUpm
-name
AssetImportWorker0
-projectPath
C:/Users/Merve/Desktop/Uygulamalar/UNITY/MyFirstGame
-logFile
Logs/AssetImportWorker0.log
-srvPort
60100
Successfully changed project path to: C:/Users/Merve/Desktop/Uygulamalar/UNITY/MyFirstGame
C:/Users/Merve/Desktop/Uygulamalar/UNITY/MyFirstGame
Using Asset Import Pipeline V2.
Refreshing native plugins compatible for Editor in 19.09 ms, found 0 plugins.
Preloading 0 native plugins for Editor in 0.00 ms.
Initialize engine version: 2020.3.2f1 (8fd9074bf66c)
[Subsystems] Discovering subsystems at path C:/Users/Merve/Desktop/Uygulamalar/UNITY/2020.3.2f1/Editor/Data/Resources/UnitySubsystems
[Subsystems] Discovering subsystems at path C:/Users/Merve/Desktop/Uygulamalar/UNITY/MyFirstGame/Assets
GfxDevice: creating device client; threaded=0
Direct3D:
    Version:  Direct3D 11.0 [level 11.1]
    Renderer: NVIDIA GeForce GTX 1650 (ID=0x1f9d)
    Vendor:   
    VRAM:     3962 MB
    Driver:   27.21.14.6221
Initialize mono
Mono path[0] = 'C:/Users/Merve/Desktop/Uygulamalar/UNITY/2020.3.2f1/Editor/Data/Managed'
Mono path[1] = 'C:/Users/Merve/Desktop/Uygulamalar/UNITY/2020.3.2f1/Editor/Data/MonoBleedingEdge/lib/mono/unityjit'
Mono config path = 'C:/Users/Merve/Desktop/Uygulamalar/UNITY/2020.3.2f1/Editor/Data/MonoBleedingEdge/etc'
Using monoOptions --debugger-agent=transport=dt_socket,embedding=1,server=y,suspend=n,address=127.0.0.1:56728
Begin MonoManager ReloadAssembly
Registering precompiled unity dll's ...
Register platform support module: C:/Users/Merve/Desktop/Uygulamalar/UNITY/2020.3.2f1/Editor/Data/PlaybackEngines/WindowsStandaloneSupport/UnityEditor.WindowsStandalone.Extensions.dll
Registered in 0.001534 seconds.
Native extension for WindowsStandalone target not found
Refreshing native plugins compatible for Editor in 20.96 ms, found 0 plugins.
Preloading 0 native plugins for Editor in 0.00 ms.
Invoked RoslynAnalysisRunner static constructor.
RoslynAnalysisRunner will not be running.
RoslynAnalysisRunner has terminated.
Mono: successfully reloaded assembly
- Completed reload, in  1.487 seconds
Platform modules already initialized, skipping
Registering precompiled user dll's ...
Registered in 0.000518 seconds.
Begin MonoManager ReloadAssembly
Native extension for WindowsStandalone target not found
Refreshing native plugins compatible for Editor in 0.18 ms, found 0 plugins.
Preloading 0 native plugins for Editor in 0.00 ms.
Invoked RoslynAnalysisRunner static constructor.
RoslynAnalysisRunner will not be running.
RoslynAnalysisRunner has terminated.
Mono: successfully reloaded assembly
- Completed reload, in  0.661 seconds
Platform modules already initialized, skipping
========================================================================
Worker process is ready to serve import requests
Launched and connected shader compiler UnityShaderCompiler.exe after 0.04 seconds
Refreshing native plugins compatible for Editor in 0.18 ms, found 0 plugins.
Preloading 0 native plugins for Editor in 0.00 ms.
Unloading 1130 Unused Serialized files (Serialized files now loaded: 0)
System memory in use before: 57.6 MB.
System memory in use after: 57.6 MB.

Unloading 10 unused Assets to reduce memory usage. Loaded Objects now: 1574.
Total: 1.605200 ms (FindLiveObjects: 0.104800 ms CreateObjectMapping: 0.031400 ms MarkObjects: 1.369500 ms  DeleteObjects: 0.099000 ms)

========================================================================
Received Import Request.
  path: Assets/Scenes/FinishScreen.unity
  artifactKey: Guid(90cd92554f69b184d9715ba3ff90f363) Importer(815301076,1909f56bfc062723c751e8b465ee728b)
Start importing Assets/Scenes/FinishScreen.unity using Guid(90cd92554f69b184d9715ba3ff90f363) Importer(815301076,1909f56bfc062723c751e8b465ee728b)  -> (artifact id: '504271fd8af58202c0e7f96a716744e0') in 0.035118 seconds
  Import took 0.038900 seconds .

========================================================================
Received Import Request.
  Time since last request: 9.422213 seconds.
  path: Assets/Scenes/MainMenu 1.unity
  artifactKey: Guid(8aebd201acb061c46af8039fa2686c12) Importer(815301076,1909f56bfc062723c751e8b465ee728b)
Start importing Assets/Scenes/MainMenu 1.unity using Guid(8aebd201acb061c46af8039fa2686c12) Importer(815301076,1909f56bfc062723c751e8b465ee728b)  -> (artifact id: '80c3aca0ec883b5078f10081eac97428') in 0.007874 seconds
  Import took 0.010124 seconds .

========================================================================
Received Import Request.
  Time since last request: 4.677081 seconds.
  path: Assets/Scenes/FinishScreen.unity
  artifactKey: Guid(8aebd201acb061c46af8039fa2686c12) Importer(815301076,1909f56bfc062723c751e8b465ee728b)
Start importing Assets/Scenes/FinishScreen.unity using Guid(8aebd201acb061c46af8039fa2686c12) Importer(815301076,1909f56bfc062723c751e8b465ee728b)  -> (artifact id: '2787155e9e8e9507d0e76b9b99222f83') in 0.003134 seconds
  Import took 0.004832 seconds .

========================================================================
Received Import Request.
  Time since last request: 24.972675 seconds.
  path: Assets/Scenes/MainMenu 1.unity
  artifactKey: Guid(95ed16d1dd8100241a0a7106602a6ec5) Importer(815301076,1909f56bfc062723c751e8b465ee728b)
Start importing Assets/Scenes/MainMenu 1.unity using Guid(95ed16d1dd8100241a0a7106602a6ec5) Importer(815301076,1909f56bfc062723c751e8b465ee728b)  -> (artifact id: 'bbc8cfc3206435eb2e3da6372eb60ccd') in 0.003172 seconds
  Import took 0.005178 seconds .

========================================================================
Received Import Request.
  Time since last request: 6.252287 seconds.
  path: Assets/Scenes/Finish.unity
  artifactKey: Guid(95ed16d1dd8100241a0a7106602a6ec5) Importer(815301076,1909f56bfc062723c751e8b465ee728b)
Start importing Assets/Scenes/Finish.unity using Guid(95ed16d1dd8100241a0a7106602a6ec5) Importer(815301076,1909f56bfc062723c751e8b465ee728b)  -> (artifact id: 'caa1a4fc95819b1817c020dee06706f7') in 0.006525 seconds
  Import took 0.008758 seconds .

========================================================================
Received Import Request.
  Time since last request: 791.345834 seconds.
  path: Assets/Scripts/LevelComplete.cs
  artifactKey: Guid(8de40ec04c702034cb6c179bb06043da) Importer(815301076,1909f56bfc062723c751e8b465ee728b)
Start importing Assets/Scripts/LevelComplete.cs using Guid(8de40ec04c702034cb6c179bb06043da) Importer(815301076,1909f56bfc062723c751e8b465ee728b)  -> (artifact id: '52410049cefe4d3e8f94a549c7900cdd') in 0.042524 seconds
  Import took 0.044698 seconds .

========================================================================
Received Import Request.
  Time since last request: 79.523155 seconds.
  path: Assets/Scripts/Respawning.cs
  artifactKey: Guid(0628a5adbe6aec54a92d77aab40c981d) Importer(815301076,1909f56bfc062723c751e8b465ee728b)
Start importing Assets/Scripts/Respawning.cs using Guid(0628a5adbe6aec54a92d77aab40c981d) Importer(815301076,1909f56bfc062723c751e8b465ee728b)  -> (artifact id: '978508717c17df57029a9e8db45f5ef2') in 0.008469 seconds
  Import took 0.010299 seconds .

========================================================================
Received Import Request.
  Time since last request: 0.001665 seconds.
  path: Assets/Scripts/Respawning.cs
  artifactKey: Guid(0628a5adbe6aec54a92d77aab40c981d) Importer(815301076,1909f56bfc062723c751e8b465ee728b)
Start importing Assets/Scripts/Respawning.cs using Guid(0628a5adbe6aec54a92d77aab40c981d) Importer(815301076,1909f56bfc062723c751e8b465ee728b)  -> (artifact id: '978508717c17df57029a9e8db45f5ef2') in 0.003374 seconds
  Import took 0.005397 seconds .

========================================================================
Received Import Request.
  Time since last request: 164.281669 seconds.
  path: Assets/Scripts/CameraFollow.cs
  artifactKey: Guid(6889bfa4bca50744aaaa7b56fff517ed) Importer(815301076,1909f56bfc062723c751e8b465ee728b)
Start importing Assets/Scripts/CameraFollow.cs using Guid(6889bfa4bca50744aaaa7b56fff517ed) Importer(815301076,1909f56bfc062723c751e8b465ee728b)  -> (artifact id: 'f456db32b4f77c0feacc40e9a2ed3717') in 0.006440 seconds
  Import took 0.008757 seconds .

========================================================================
Received Prepare
Registering precompiled user dll's ...
Registered in 0.000591 seconds.
Begin MonoManager ReloadAssembly
Native extension for WindowsStandalone target not found
Refreshing native plugins compatible for Editor in 0.17 ms, found 0 plugins.
Preloading 0 native plugins for Editor in 0.00 ms.
Invoked RoslynAnalysisRunner static constructor.
RoslynAnalysisRunner will not be running.
RoslynAnalysisRunner has terminated.
Mono: successfully reloaded assembly
- Completed reload, in  0.643 seconds
Platform modules already initialized, skipping
Refreshing native plugins compatible for Editor in 0.18 ms, found 0 plugins.
Preloading 0 native plugins for Editor in 0.00 ms.
Unloading 1125 Unused Serialized files (Serialized files now loaded: 0)
System memory in use before: 57.5 MB.
System memory in use after: 57.6 MB.

Unloading 5 unused Assets to reduce memory usage. Loaded Objects now: 1577.
Total: 1.548100 ms (FindLiveObjects: 0.180500 ms CreateObjectMapping: 0.035800 ms MarkObjects: 1.252200 ms  DeleteObjects: 0.078500 ms)

========================================================================
Received Prepare
Registering precompiled user dll's ...
Registered in 0.000605 seconds.
Begin MonoManager ReloadAssembly
Native extension for WindowsStandalone target not found
Refreshing native plugins compatible for Editor in 0.18 ms, found 0 plugins.
Preloading 0 native plugins for Editor in 0.00 ms.
Invoked RoslynAnalysisRunner static constructor.
RoslynAnalysisRunner will not be running.
RoslynAnalysisRunner has terminated.
Mono: successfully reloaded assembly
- Completed reload, in  0.670 seconds
Platform modules already initialized, skipping
Refreshing native plugins compatible for Editor in 0.18 ms, found 0 plugins.
Preloading 0 native plugins for Editor in 0.00 ms.
Unloading 1125 Unused Serialized files (Serialized files now loaded: 0)
System memory in use before: 57.6 MB.
System memory in use after: 57.6 MB.

Unloading 5 unused Assets to reduce memory usage. Loaded Objects now: 1580.
Total: 2.304700 ms (FindLiveObjects: 0.265600 ms CreateObjectMapping: 0.120700 ms MarkObjects: 1.862600 ms  DeleteObjects: 0.054000 ms)

========================================================================
Received Import Request.
  Time since last request: 252.725540 seconds.
  path: Assets/Scripts/CoinCollect.cs
  artifactKey: Guid(aa471c459fff27840ac481f9b51e792c) Importer(815301076,1909f56bfc062723c751e8b465ee728b)
Start importing Assets/Scripts/CoinCollect.cs using Guid(aa471c459fff27840ac481f9b51e792c) Importer(815301076,1909f56bfc062723c751e8b465ee728b)  -> (artifact id: 'ee659bcd614607a625ea21d645dc149c') in 0.006798 seconds
  Import took 0.008464 seconds .

========================================================================
Received Prepare
Registering precompiled user dll's ...
Registered in 0.000507 seconds.
Begin MonoManager ReloadAssembly
Native extension for WindowsStandalone target not found
Refreshing native plugins compatible for Editor in 0.17 ms, found 0 plugins.
Preloading 0 native plugins for Editor in 0.00 ms.
Invoked RoslynAnalysisRunner static constructor.
RoslynAnalysisRunner will not be running.
RoslynAnalysisRunner has terminated.
Mono: successfully reloaded assembly
- Completed reload, in  0.667 seconds
Platform modules already initialized, skipping
Refreshing native plugins compatible for Editor in 0.19 ms, found 0 plugins.
Preloading 0 native plugins for Editor in 0.00 ms.
Unloading 1125 Unused Serialized files (Serialized files now loaded: 0)
System memory in use before: 57.6 MB.
System memory in use after: 57.7 MB.

Unloading 5 unused Assets to reduce memory usage. Loaded Objects now: 1583.
Total: 1.736900 ms (FindLiveObjects: 0.294700 ms CreateObjectMapping: 0.048800 ms MarkObjects: 1.322100 ms  DeleteObjects: 0.070000 ms)

========================================================================
Received Import Request.
  Time since last request: 266.292294 seconds.
  path: Assets/Scripts/GlobalCoin.cs
  artifactKey: Guid(d12f7c677536d524198680a418324a9a) Importer(815301076,1909f56bfc062723c751e8b465ee728b)
Start importing Assets/Scripts/GlobalCoin.cs using Guid(d12f7c677536d524198680a418324a9a) Importer(815301076,1909f56bfc062723c751e8b465ee728b)  -> (artifact id: '3cc5832c536add65b98154fcfb2c3149') in 0.009728 seconds
  Import took 0.011321 seconds .

========================================================================
Received Prepare
Registering precompiled user dll's ...
Registered in 0.000627 seconds.
Begin MonoManager ReloadAssembly
Native extension for WindowsStandalone target not found
Refreshing native plugins compatible for Editor in 0.19 ms, found 0 plugins.
Preloading 0 native plugins for Editor in 0.00 ms.
Invoked RoslynAnalysisRunner static constructor.
RoslynAnalysisRunner will not be running.
RoslynAnalysisRunner has terminated.
Mono: successfully reloaded assembly
- Completed reload, in  0.678 seconds
Platform modules already initialized, skipping
Refreshing native plugins compatible for Editor in 0.18 ms, found 0 plugins.
Preloading 0 native plugins for Editor in 0.00 ms.
Unloading 1125 Unused Serialized files (Serialized files now loaded: 0)
System memory in use before: 57.6 MB.
System memory in use after: 57.7 MB.

Unloading 5 unused Assets to reduce memory usage. Loaded Objects now: 1586.
Total: 1.685300 ms (FindLiveObjects: 0.131000 ms CreateObjectMapping: 0.040000 ms MarkObjects: 1.421700 ms  DeleteObjects: 0.091600 ms)

========================================================================
Received Import Request.
  Time since last request: 184.009530 seconds.
  path: Assets/Scripts/GlobalLevel.cs
  artifactKey: Guid(696a04a6af5396d428221cc1c2c19665) Importer(815301076,1909f56bfc062723c751e8b465ee728b)
Start importing Assets/Scripts/GlobalLevel.cs using Guid(696a04a6af5396d428221cc1c2c19665) Importer(815301076,1909f56bfc062723c751e8b465ee728b)  -> (artifact id: 'd93eda9363fca09dae35850e4872e083') in 0.007653 seconds
  Import took 0.009546 seconds .

========================================================================
Received Prepare
Registering precompiled user dll's ...
Registered in 0.000599 seconds.
Begin MonoManager ReloadAssembly
Native extension for WindowsStandalone target not found
Refreshing native plugins compatible for Editor in 0.18 ms, found 0 plugins.
Preloading 0 native plugins for Editor in 0.00 ms.
Invoked RoslynAnalysisRunner static constructor.
RoslynAnalysisRunner will not be running.
RoslynAnalysisRunner has terminated.
Mono: successfully reloaded assembly
- Completed reload, in  0.683 seconds
Platform modules already initialized, skipping
Refreshing native plugins compatible for Editor in 0.18 ms, found 0 plugins.
Preloading 0 native plugins for Editor in 0.00 ms.
Unloading 1125 Unused Serialized files (Serialized files now loaded: 0)
System memory in use before: 57.6 MB.
System memory in use after: 57.7 MB.

Unloading 5 unused Assets to reduce memory usage. Loaded Objects now: 1589.
Total: 1.865400 ms (FindLiveObjects: 0.161600 ms CreateObjectMapping: 0.068000 ms MarkObjects: 1.570000 ms  DeleteObjects: 0.050800 ms)

========================================================================
Received Import Request.
  Time since last request: 28.348830 seconds.
  path: Assets/Scripts/GlobalRotation.cs
  artifactKey: Guid(c3d0fc8675ec06b4e8ceb5f4e7f243f4) Importer(815301076,1909f56bfc062723c751e8b465ee728b)
Start importing Assets/Scripts/GlobalRotation.cs using Guid(c3d0fc8675ec06b4e8ceb5f4e7f243f4) Importer(815301076,1909f56bfc062723c751e8b465ee728b)  -> (artifact id: 'c417b52421534acd513ed2a4c4436835') in 0.007285 seconds
  Import took 0.011137 seconds .

========================================================================
Received Prepare
Registering precompiled user dll's ...
Registered in 0.000753 seconds.
Begin MonoManager ReloadAssembly
Native extension for WindowsStandalone target not found
Refreshing native plugins compatible for Editor in 0.19 ms, found 0 plugins.
Preloading 0 native plugins for Editor in 0.00 ms.
Invoked RoslynAnalysisRunner static constructor.
RoslynAnalysisRunner will not be running.
RoslynAnalysisRunner has terminated.
Mono: successfully reloaded assembly
- Completed reload, in  0.674 seconds
Platform modules already initialized, skipping
Refreshing native plugins compatible for Editor in 0.18 ms, found 0 plugins.
Preloading 0 native plugins for Editor in 0.00 ms.
Unloading 1125 Unused Serialized files (Serialized files now loaded: 0)
System memory in use before: 57.6 MB.
System memory in use after: 57.7 MB.

Unloading 5 unused Assets to reduce memory usage. Loaded Objects now: 1592.
Total: 3.542700 ms (FindLiveObjects: 0.331100 ms CreateObjectMapping: 0.121700 ms MarkObjects: 3.004000 ms  DeleteObjects: 0.083700 ms)

========================================================================
Received Import Request.
  Time since last request: 329.817747 seconds.
  path: Assets/Scripts/GlobalTime.cs
  artifactKey: Guid(07f47daa3f7176642837a469c9a6eebb) Importer(815301076,1909f56bfc062723c751e8b465ee728b)
Start importing Assets/Scripts/GlobalTime.cs using Guid(07f47daa3f7176642837a469c9a6eebb) Importer(815301076,1909f56bfc062723c751e8b465ee728b)  -> (artifact id: 'dbf2d7e945e4b3bcbb8b0f847152f235') in 0.008691 seconds
  Import took 0.012673 seconds .

========================================================================
Received Prepare
Registering precompiled user dll's ...
Registered in 0.000655 seconds.
Begin MonoManager ReloadAssembly
Native extension for WindowsStandalone target not found
Refreshing native plugins compatible for Editor in 0.17 ms, found 0 plugins.
Preloading 0 native plugins for Editor in 0.00 ms.
Invoked RoslynAnalysisRunner static constructor.
RoslynAnalysisRunner will not be running.
RoslynAnalysisRunner has terminated.
Mono: successfully reloaded assembly
- Completed reload, in  0.676 seconds
Platform modules already initialized, skipping
Refreshing native plugins compatible for Editor in 0.19 ms, found 0 plugins.
Preloading 0 native plugins for Editor in 0.00 ms.
Unloading 1125 Unused Serialized files (Serialized files now loaded: 0)
System memory in use before: 57.6 MB.
System memory in use after: 57.7 MB.

Unloading 5 unused Assets to reduce memory usage. Loaded Objects now: 1595.
Total: 1.360000 ms (FindLiveObjects: 0.126300 ms CreateObjectMapping: 0.037100 ms MarkObjects: 1.159500 ms  DeleteObjects: 0.036500 ms)

========================================================================
Received Import Request.
  Time since last request: 133.256811 seconds.
  path: Assets/Scripts/GlobalTime.cs
  artifactKey: Guid(07f47daa3f7176642837a469c9a6eebb) Importer(815301076,1909f56bfc062723c751e8b465ee728b)
Start importing Assets/Scripts/GlobalTime.cs using Guid(07f47daa3f7176642837a469c9a6eebb) Importer(815301076,1909f56bfc062723c751e8b465ee728b)  -> (artifact id: '9ef30f534087a3b4a7ac95fc3747dc4e') in 0.021135 seconds
  Import took 0.025545 seconds .

========================================================================
Received Prepare
Registering precompiled user dll's ...
Registered in 0.000729 seconds.
Begin MonoManager ReloadAssembly
Native extension for WindowsStandalone target not found
Refreshing native plugins compatible for Editor in 0.18 ms, found 0 plugins.
Preloading 0 native plugins for Editor in 0.00 ms.
Invoked RoslynAnalysisRunner static constructor.
RoslynAnalysisRunner will not be running.
RoslynAnalysisRunner has terminated.
Mono: successfully reloaded assembly
- Completed reload, in  0.672 seconds
Platform modules already initialized, skipping
Refreshing native plugins compatible for Editor in 0.18 ms, found 0 plugins.
Preloading 0 native plugins for Editor in 0.00 ms.
Unloading 1125 Unused Serialized files (Serialized files now loaded: 0)
System memory in use before: 57.6 MB.
System memory in use after: 57.7 MB.

Unloading 5 unused Assets to reduce memory usage. Loaded Objects now: 1598.
Total: 4.390500 ms (FindLiveObjects: 0.517200 ms CreateObjectMapping: 0.273800 ms MarkObjects: 3.544000 ms  DeleteObjects: 0.053200 ms)

========================================================================
Received Import Request.
  Time since last request: 1187.435520 seconds.
  path: Assets/Scripts/LevelComplete.cs
  artifactKey: Guid(8de40ec04c702034cb6c179bb06043da) Importer(815301076,1909f56bfc062723c751e8b465ee728b)
Start importing Assets/Scripts/LevelComplete.cs using Guid(8de40ec04c702034cb6c179bb06043da) Importer(815301076,1909f56bfc062723c751e8b465ee728b)  -> (artifact id: '0f790ef872463af320650afdd9708b85') in 0.004095 seconds
  Import took 0.005677 seconds .

========================================================================
Received Prepare
Registering precompiled user dll's ...
Registered in 0.000728 seconds.
Begin MonoManager ReloadAssembly
Native extension for WindowsStandalone target not found
Refreshing native plugins compatible for Editor in 0.21 ms, found 0 plugins.
Preloading 0 native plugins for Editor in 0.00 ms.
Invoked RoslynAnalysisRunner static constructor.
RoslynAnalysisRunner will not be running.
RoslynAnalysisRunner has terminated.
Mono: successfully reloaded assembly
- Completed reload, in  0.629 seconds
Platform modules already initialized, skipping
Refreshing native plugins compatible for Editor in 0.18 ms, found 0 plugins.
Preloading 0 native plugins for Editor in 0.00 ms.
Unloading 1125 Unused Serialized files (Serialized files now loaded: 0)
System memory in use before: 57.6 MB.
System memory in use after: 57.7 MB.

Unloading 5 unused Assets to reduce memory usage. Loaded Objects now: 1601.
Total: 1.980000 ms (FindLiveObjects: 0.125200 ms CreateObjectMapping: 0.031600 ms MarkObjects: 1.702800 ms  DeleteObjects: 0.119900 ms)

========================================================================
Received Import Request.
  Time since last request: 43.267065 seconds.
  path: Assets/Scripts/LevelComplete.cs
  artifactKey: Guid(8de40ec04c702034cb6c179bb06043da) Importer(815301076,1909f56bfc062723c751e8b465ee728b)
Start importing Assets/Scripts/LevelComplete.cs using Guid(8de40ec04c702034cb6c179bb06043da) Importer(815301076,1909f56bfc062723c751e8b465ee728b)  -> (artifact id: 'cd1a89812079fd1daf46da6344a51992') in 0.004646 seconds
  Import took 0.006249 seconds .

========================================================================
Received Import Request.
  Time since last request: 29.799314 seconds.
  path: Assets/Scripts/MainMenu.cs
  artifactKey: Guid(8f801b0c12b1e604090227bcc60ad600) Importer(815301076,1909f56bfc062723c751e8b465ee728b)
Start importing Assets/Scripts/MainMenu.cs using Guid(8f801b0c12b1e604090227bcc60ad600) Importer(815301076,1909f56bfc062723c751e8b465ee728b)  -> (artifact id: '12b0b52004a24766257706b817015225') in 0.005996 seconds
  Import took 0.007843 seconds .

========================================================================
Received Import Request.
  Time since last request: 0.017286 seconds.
  path: Assets/Scripts/MainMenu.cs
  artifactKey: Guid(8f801b0c12b1e604090227bcc60ad600) Importer(815301076,1909f56bfc062723c751e8b465ee728b)
Start importing Assets/Scripts/MainMenu.cs using Guid(8f801b0c12b1e604090227bcc60ad600) Importer(815301076,1909f56bfc062723c751e8b465ee728b)  -> (artifact id: '12b0b52004a24766257706b817015225') in 0.003636 seconds
  Import took 0.005418 seconds .

========================================================================
Received Prepare
Registering precompiled user dll's ...
Registered in 0.000505 seconds.
Begin MonoManager ReloadAssembly
Native extension for WindowsStandalone target not found
Refreshing native plugins compatible for Editor in 0.17 ms, found 0 plugins.
Preloading 0 native plugins for Editor in 0.00 ms.
Invoked RoslynAnalysisRunner static constructor.
RoslynAnalysisRunner will not be running.
RoslynAnalysisRunner has terminated.
Mono: successfully reloaded assembly
- Completed reload, in  0.652 seconds
Platform modules already initialized, skipping
Refreshing native plugins compatible for Editor in 0.18 ms, found 0 plugins.
Preloading 0 native plugins for Editor in 0.00 ms.
Unloading 1125 Unused Serialized files (Serialized files now loaded: 0)
System memory in use before: 57.6 MB.
System memory in use after: 57.7 MB.

Unloading 5 unused Assets to reduce memory usage. Loaded Objects now: 1604.
Total: 1.376600 ms (FindLiveObjects: 0.104000 ms CreateObjectMapping: 0.030100 ms MarkObjects: 1.205900 ms  DeleteObjects: 0.035700 ms)

========================================================================
Received Prepare
Registering precompiled user dll's ...
Registered in 0.000902 seconds.
Begin MonoManager ReloadAssembly
Native extension for WindowsStandalone target not found
Refreshing native plugins compatible for Editor in 0.18 ms, found 0 plugins.
Preloading 0 native plugins for Editor in 0.00 ms.
Invoked RoslynAnalysisRunner static constructor.
RoslynAnalysisRunner will not be running.
RoslynAnalysisRunner has terminated.
Mono: successfully reloaded assembly
- Completed reload, in  0.732 seconds
Platform modules already initialized, skipping
Refreshing native plugins compatible for Editor in 0.18 ms, found 0 plugins.
Preloading 0 native plugins for Editor in 0.00 ms.
Unloading 1125 Unused Serialized files (Serialized files now loaded: 0)
System memory in use before: 57.6 MB.
System memory in use after: 57.7 MB.

Unloading 5 unused Assets to reduce memory usage. Loaded Objects now: 1607.
Total: 2.263600 ms (FindLiveObjects: 0.278200 ms CreateObjectMapping: 0.094100 ms MarkObjects: 1.854100 ms  DeleteObjects: 0.035300 ms)

========================================================================
Received Import Request.
  Time since last request: 748.649951 seconds.
  path: Assets/Scripts/SplashToMenu.cs
  artifactKey: Guid(29d35ba38a36de44ab3c72fc8153d133) Importer(815301076,1909f56bfc062723c751e8b465ee728b)
Start importing Assets/Scripts/SplashToMenu.cs using Guid(29d35ba38a36de44ab3c72fc8153d133) Importer(815301076,1909f56bfc062723c751e8b465ee728b)  -> (artifact id: '90974dac598ecd497a87c968bbd2cffa') in 0.016266 seconds
  Import took 0.020057 seconds .

========================================================================
Received Prepare
Registering precompiled user dll's ...
Registered in 0.000991 seconds.
Begin MonoManager ReloadAssembly
Native extension for WindowsStandalone target not found
Refreshing native plugins compatible for Editor in 0.35 ms, found 0 plugins.
Preloading 0 native plugins for Editor in 0.00 ms.
Invoked RoslynAnalysisRunner static constructor.
RoslynAnalysisRunner will not be running.
RoslynAnalysisRunner has terminated.
Mono: successfully reloaded assembly
- Completed reload, in  1.172 seconds
Platform modules already initialized, skipping
Refreshing native plugins compatible for Editor in 0.22 ms, found 0 plugins.
Preloading 0 native plugins for Editor in 0.00 ms.
Unloading 1125 Unused Serialized files (Serialized files now loaded: 0)
System memory in use before: 57.6 MB.
System memory in use after: 57.7 MB.

Unloading 5 unused Assets to reduce memory usage. Loaded Objects now: 1610.
Total: 1.719900 ms (FindLiveObjects: 0.298200 ms CreateObjectMapping: 0.085000 ms MarkObjects: 1.288200 ms  DeleteObjects: 0.047300 ms)

========================================================================
Received Import Request.
  Time since last request: 140.588345 seconds.
  path: Assets/Scenes/Finish.unity
  artifactKey: Guid(95ed16d1dd8100241a0a7106602a6ec5) Importer(815301076,1909f56bfc062723c751e8b465ee728b)
Start importing Assets/Scenes/Finish.unity using Guid(95ed16d1dd8100241a0a7106602a6ec5) Importer(815301076,1909f56bfc062723c751e8b465ee728b)  -> (artifact id: '9b2514b84d1be8ab97f61e99466c011c') in 0.009696 seconds
  Import took 0.011567 seconds .

========================================================================
Received Prepare
Registering precompiled user dll's ...
Registered in 0.000482 seconds.
Begin MonoManager ReloadAssembly
Native extension for WindowsStandalone target not found
Refreshing native plugins compatible for Editor in 0.17 ms, found 0 plugins.
Preloading 0 native plugins for Editor in 0.00 ms.
Invoked RoslynAnalysisRunner static constructor.
RoslynAnalysisRunner will not be running.
RoslynAnalysisRunner has terminated.
Mono: successfully reloaded assembly
- Completed reload, in  0.589 seconds
Platform modules already initialized, skipping
Refreshing native plugins compatible for Editor in 0.18 ms, found 0 plugins.
Preloading 0 native plugins for Editor in 0.00 ms.
Unloading 1125 Unused Serialized files (Serialized files now loaded: 0)
System memory in use before: 57.7 MB.
System memory in use after: 57.7 MB.

Unloading 5 unused Assets to reduce memory usage. Loaded Objects now: 1613.
Total: 1.734100 ms (FindLiveObjects: 0.253800 ms CreateObjectMapping: 0.044700 ms MarkObjects: 1.378300 ms  DeleteObjects: 0.056600 ms)

========================================================================
Received Import Request.
  Time since last request: 55.364257 seconds.
  path: Assets/Scripts/Respawning.cs
  artifactKey: Guid(0628a5adbe6aec54a92d77aab40c981d) Importer(815301076,1909f56bfc062723c751e8b465ee728b)
Start importing Assets/Scripts/Respawning.cs using Guid(0628a5adbe6aec54a92d77aab40c981d) Importer(815301076,1909f56bfc062723c751e8b465ee728b)  -> (artifact id: 'eb06de5c54328148250ef04ea41d6ef5') in 0.003688 seconds
  Import took 0.005349 seconds .

========================================================================
Received Import Request.
  Time since last request: 36.072521 seconds.
  path: Assets/Scripts/FinishScript.cs
  artifactKey: Guid(c0a6072326d131244abbdd170dc2fbda) Importer(815301076,1909f56bfc062723c751e8b465ee728b)
Start importing Assets/Scripts/FinishScript.cs using Guid(c0a6072326d131244abbdd170dc2fbda) Importer(815301076,1909f56bfc062723c751e8b465ee728b)  -> (artifact id: 'e8ea480cd9fd384206434b65c8e9a7d2') in 0.006589 seconds
  Import took 0.008683 seconds .

========================================================================
Received Prepare
Registering precompiled user dll's ...
Registered in 0.000541 seconds.
Begin MonoManager ReloadAssembly
Native extension for WindowsStandalone target not found
Refreshing native plugins compatible for Editor in 0.33 ms, found 0 plugins.
Preloading 0 native plugins for Editor in 0.00 ms.
Invoked RoslynAnalysisRunner static constructor.
RoslynAnalysisRunner will not be running.
RoslynAnalysisRunner has terminated.
Mono: successfully reloaded assembly
- Completed reload, in  0.657 seconds
Platform modules already initialized, skipping
Refreshing native plugins compatible for Editor in 0.20 ms, found 0 plugins.
Preloading 0 native plugins for Editor in 0.00 ms.
Unloading 1126 Unused Serialized files (Serialized files now loaded: 0)
System memory in use before: 57.7 MB.
System memory in use after: 57.8 MB.

Unloading 5 unused Assets to reduce memory usage. Loaded Objects now: 1617.
Total: 3.096400 ms (FindLiveObjects: 0.320200 ms CreateObjectMapping: 0.116000 ms MarkObjects: 2.574000 ms  DeleteObjects: 0.083800 ms)

========================================================================
Received Prepare
Registering precompiled user dll's ...
Registered in 0.000543 seconds.
Begin MonoManager ReloadAssembly
Native extension for WindowsStandalone target not found
Refreshing native plugins compatible for Editor in 0.17 ms, found 0 plugins.
Preloading 0 native plugins for Editor in 0.00 ms.
Invoked RoslynAnalysisRunner static constructor.
RoslynAnalysisRunner will not be running.
RoslynAnalysisRunner has terminated.
Mono: successfully reloaded assembly
- Completed reload, in  0.653 seconds
Platform modules already initialized, skipping
Refreshing native plugins compatible for Editor in 0.19 ms, found 0 plugins.
Preloading 0 native plugins for Editor in 0.00 ms.
Unloading 1126 Unused Serialized files (Serialized files now loaded: 0)
System memory in use before: 57.7 MB.
System memory in use after: 57.8 MB.

Unloading 5 unused Assets to reduce memory usage. Loaded Objects now: 1620.
Total: 1.434000 ms (FindLiveObjects: 0.143000 ms CreateObjectMapping: 0.036500 ms MarkObjects: 1.169300 ms  DeleteObjects: 0.084100 ms)

========================================================================
Received Import Request.
  Time since last request: 19.865657 seconds.
  path: Assets/Scripts/FinishScript.cs
  artifactKey: Guid(c0a6072326d131244abbdd170dc2fbda) Importer(815301076,1909f56bfc062723c751e8b465ee728b)
Start importing Assets/Scripts/FinishScript.cs using Guid(c0a6072326d131244abbdd170dc2fbda) Importer(815301076,1909f56bfc062723c751e8b465ee728b)  -> (artifact id: 'b2533a25c219abdd92cc7a28719ebe42') in 0.004240 seconds
  Import took 0.005760 seconds .

========================================================================
Received Import Request.
  Time since last request: 34.494797 seconds.
  path: Assets/Scenes/Level001.unity
  artifactKey: Guid(9fc0d4010bbf28b4594072e72b8655ab) Importer(815301076,1909f56bfc062723c751e8b465ee728b)
Start importing Assets/Scenes/Level001.unity using Guid(9fc0d4010bbf28b4594072e72b8655ab) Importer(815301076,1909f56bfc062723c751e8b465ee728b)  -> (artifact id: '563d74807f7ce3c221b7d0544fdd91d0') in 0.013731 seconds
  Import took 0.016147 seconds .

========================================================================
Received Prepare
Registering precompiled user dll's ...
Registered in 0.000666 seconds.
Begin MonoManager ReloadAssembly
Native extension for WindowsStandalone target not found
Refreshing native plugins compatible for Editor in 0.23 ms, found 0 plugins.
Preloading 0 native plugins for Editor in 0.00 ms.
Invoked RoslynAnalysisRunner static constructor.
RoslynAnalysisRunner will not be running.
RoslynAnalysisRunner has terminated.
Mono: successfully reloaded assembly
- Completed reload, in  0.734 seconds
Platform modules already initialized, skipping
Refreshing native plugins compatible for Editor in 0.20 ms, found 0 plugins.
Preloading 0 native plugins for Editor in 0.00 ms.
Unloading 1126 Unused Serialized files (Serialized files now loaded: 0)
System memory in use before: 57.7 MB.
System memory in use after: 57.8 MB.

Unloading 5 unused Assets to reduce memory usage. Loaded Objects now: 1623.
Total: 1.317900 ms (FindLiveObjects: 0.124700 ms CreateObjectMapping: 0.031800 ms MarkObjects: 1.119000 ms  DeleteObjects: 0.041300 ms)

========================================================================
Received Prepare
Registering precompiled user dll's ...
Registered in 0.000451 seconds.
Begin MonoManager ReloadAssembly
Native extension for WindowsStandalone target not found
Refreshing native plugins compatible for Editor in 0.18 ms, found 0 plugins.
Preloading 0 native plugins for Editor in 0.00 ms.
Invoked RoslynAnalysisRunner static constructor.
RoslynAnalysisRunner will not be running.
RoslynAnalysisRunner has terminated.
Mono: successfully reloaded assembly
- Completed reload, in  0.652 seconds
Platform modules already initialized, skipping
Refreshing native plugins compatible for Editor in 0.24 ms, found 0 plugins.
Preloading 0 native plugins for Editor in 0.00 ms.
Unloading 1126 Unused Serialized files (Serialized files now loaded: 0)
System memory in use before: 57.7 MB.
System memory in use after: 57.8 MB.

Unloading 5 unused Assets to reduce memory usage. Loaded Objects now: 1626.
Total: 1.971500 ms (FindLiveObjects: 0.201800 ms CreateObjectMapping: 0.062000 ms MarkObjects: 1.646100 ms  DeleteObjects: 0.060400 ms)

========================================================================
Received Prepare
Registering precompiled user dll's ...
Registered in 0.000479 seconds.
Begin MonoManager ReloadAssembly
Native extension for WindowsStandalone target not found
Refreshing native plugins compatible for Editor in 0.17 ms, found 0 plugins.
Preloading 0 native plugins for Editor in 0.00 ms.
Invoked RoslynAnalysisRunner static constructor.
RoslynAnalysisRunner will not be running.
RoslynAnalysisRunner has terminated.
Mono: successfully reloaded assembly
- Completed reload, in  0.631 seconds
Platform modules already initialized, skipping
Refreshing native plugins compatible for Editor in 0.19 ms, found 0 plugins.
Preloading 0 native plugins for Editor in 0.00 ms.
Unloading 1126 Unused Serialized files (Serialized files now loaded: 0)
System memory in use before: 57.7 MB.
System memory in use after: 57.8 MB.

Unloading 5 unused Assets to reduce memory usage. Loaded Objects now: 1629.
Total: 1.515900 ms (FindLiveObjects: 0.142000 ms CreateObjectMapping: 0.086400 ms MarkObjects: 1.212700 ms  DeleteObjects: 0.073900 ms)

========================================================================
Received Import Request.
  Time since last request: 313.927208 seconds.
  path: Assets/Scripts/LevelComplete.cs
  artifactKey: Guid(8de40ec04c702034cb6c179bb06043da) Importer(815301076,1909f56bfc062723c751e8b465ee728b)
Start importing Assets/Scripts/LevelComplete.cs using Guid(8de40ec04c702034cb6c179bb06043da) Importer(815301076,1909f56bfc062723c751e8b465ee728b)  -> (artifact id: 'f470dbe9de23ba7af9b7cc51529404b2') in 0.007687 seconds
  Import took 0.009932 seconds .

========================================================================
Received Prepare
Registering precompiled user dll's ...
Registered in 0.000639 seconds.
Begin MonoManager ReloadAssembly
Native extension for WindowsStandalone target not found
Refreshing native plugins compatible for Editor in 0.19 ms, found 0 plugins.
Preloading 0 native plugins for Editor in 0.00 ms.
Invoked RoslynAnalysisRunner static constructor.
RoslynAnalysisRunner will not be running.
RoslynAnalysisRunner has terminated.
Mono: successfully reloaded assembly
- Completed reload, in  0.713 seconds
Platform modules already initialized, skipping
Refreshing native plugins compatible for Editor in 0.18 ms, found 0 plugins.
Preloading 0 native plugins for Editor in 0.00 ms.
Unloading 1126 Unused Serialized files (Serialized files now loaded: 0)
System memory in use before: 57.7 MB.
System memory in use after: 57.8 MB.

Unloading 5 unused Assets to reduce memory usage. Loaded Objects now: 1632.
Total: 3.212700 ms (FindLiveObjects: 0.289900 ms CreateObjectMapping: 0.102100 ms MarkObjects: 2.744700 ms  DeleteObjects: 0.073900 ms)

========================================================================
Received Import Request.
  Time since last request: 19.315111 seconds.
  path: Assets/Scripts/LevelComplete.cs
  artifactKey: Guid(8de40ec04c702034cb6c179bb06043da) Importer(815301076,1909f56bfc062723c751e8b465ee728b)
Start importing Assets/Scripts/LevelComplete.cs using Guid(8de40ec04c702034cb6c179bb06043da) Importer(815301076,1909f56bfc062723c751e8b465ee728b)  -> (artifact id: 'd0a8eac070b19a0d6503d4b12b015958') in 0.006199 seconds
  Import took 0.009236 seconds .

========================================================================
Received Prepare
Registering precompiled user dll's ...
Registered in 0.000563 seconds.
Begin MonoManager ReloadAssembly
Native extension for WindowsStandalone target not found
Refreshing native plugins compatible for Editor in 0.18 ms, found 0 plugins.
Preloading 0 native plugins for Editor in 0.00 ms.
Invoked RoslynAnalysisRunner static constructor.
RoslynAnalysisRunner will not be running.
RoslynAnalysisRunner has terminated.
Mono: successfully reloaded assembly
- Completed reload, in  0.650 seconds
Platform modules already initialized, skipping
Refreshing native plugins compatible for Editor in 0.18 ms, found 0 plugins.
Preloading 0 native plugins for Editor in 0.00 ms.
Unloading 1126 Unused Serialized files (Serialized files now loaded: 0)
System memory in use before: 57.7 MB.
System memory in use after: 57.8 MB.

Unloading 5 unused Assets to reduce memory usage. Loaded Objects now: 1635.
Total: 1.745100 ms (FindLiveObjects: 0.191700 ms CreateObjectMapping: 0.052000 ms MarkObjects: 1.460500 ms  DeleteObjects: 0.039600 ms)

========================================================================
Received Prepare
Registering precompiled user dll's ...
Registered in 0.000704 seconds.
Begin MonoManager ReloadAssembly
Native extension for WindowsStandalone target not found
Refreshing native plugins compatible for Editor in 0.25 ms, found 0 plugins.
Preloading 0 native plugins for Editor in 0.00 ms.
Invoked RoslynAnalysisRunner static constructor.
RoslynAnalysisRunner will not be running.
RoslynAnalysisRunner has terminated.
Mono: successfully reloaded assembly
- Completed reload, in  0.725 seconds
Platform modules already initialized, skipping
Refreshing native plugins compatible for Editor in 0.36 ms, found 0 plugins.
Preloading 0 native plugins for Editor in 0.00 ms.
Unloading 1126 Unused Serialized files (Serialized files now loaded: 0)
System memory in use before: 57.7 MB.
System memory in use after: 57.8 MB.

Unloading 5 unused Assets to reduce memory usage. Loaded Objects now: 1638.
Total: 1.973700 ms (FindLiveObjects: 0.182400 ms CreateObjectMapping: 0.049200 ms MarkObjects: 1.684000 ms  DeleteObjects: 0.056500 ms)

========================================================================
Received Prepare
Registering precompiled user dll's ...
Registered in 0.000454 seconds.
Begin MonoManager ReloadAssembly
Native extension for WindowsStandalone target not found
Refreshing native plugins compatible for Editor in 0.18 ms, found 0 plugins.
Preloading 0 native plugins for Editor in 0.00 ms.
Invoked RoslynAnalysisRunner static constructor.
RoslynAnalysisRunner will not be running.
RoslynAnalysisRunner has terminated.
Mono: successfully reloaded assembly
- Completed reload, in  0.624 seconds
Platform modules already initialized, skipping
Refreshing native plugins compatible for Editor in 0.18 ms, found 0 plugins.
Preloading 0 native plugins for Editor in 0.00 ms.
Unloading 1126 Unused Serialized files (Serialized files now loaded: 0)
System memory in use before: 57.7 MB.
System memory in use after: 57.8 MB.

Unloading 5 unused Assets to reduce memory usage. Loaded Objects now: 1641.
Total: 1.478300 ms (FindLiveObjects: 0.186700 ms CreateObjectMapping: 0.031000 ms MarkObjects: 1.173700 ms  DeleteObjects: 0.086000 ms)

========================================================================
Received Prepare
Registering precompiled user dll's ...
Registered in 0.000856 seconds.
Begin MonoManager ReloadAssembly
Native extension for WindowsStandalone target not found
Refreshing native plugins compatible for Editor in 0.25 ms, found 0 plugins.
Preloading 0 native plugins for Editor in 0.00 ms.
Invoked RoslynAnalysisRunner static constructor.
RoslynAnalysisRunner will not be running.
RoslynAnalysisRunner has terminated.
Mono: successfully reloaded assembly
- Completed reload, in  0.758 seconds
Platform modules already initialized, skipping
Refreshing native plugins compatible for Editor in 0.27 ms, found 0 plugins.
Preloading 0 native plugins for Editor in 0.00 ms.
Unloading 1126 Unused Serialized files (Serialized files now loaded: 0)
System memory in use before: 57.7 MB.
System memory in use after: 57.8 MB.

Unloading 5 unused Assets to reduce memory usage. Loaded Objects now: 1644.
Total: 1.658200 ms (FindLiveObjects: 0.135800 ms CreateObjectMapping: 0.040300 ms MarkObjects: 1.440900 ms  DeleteObjects: 0.039600 ms)

========================================================================
Received Prepare
Registering precompiled user dll's ...
Registered in 0.000602 seconds.
Begin MonoManager ReloadAssembly
Native extension for WindowsStandalone target not found
Refreshing native plugins compatible for Editor in 0.18 ms, found 0 plugins.
Preloading 0 native plugins for Editor in 0.00 ms.
Invoked RoslynAnalysisRunner static constructor.
RoslynAnalysisRunner will not be running.
RoslynAnalysisRunner has terminated.
Mono: successfully reloaded assembly
- Completed reload, in  0.625 seconds
Platform modules already initialized, skipping
Refreshing native plugins compatible for Editor in 0.18 ms, found 0 plugins.
Preloading 0 native plugins for Editor in 0.00 ms.
Unloading 1126 Unused Serialized files (Serialized files now loaded: 0)
System memory in use before: 57.7 MB.
System memory in use after: 57.8 MB.

Unloading 5 unused Assets to reduce memory usage. Loaded Objects now: 1647.
Total: 1.542300 ms (FindLiveObjects: 0.144200 ms CreateObjectMapping: 0.047400 ms MarkObjects: 1.291200 ms  DeleteObjects: 0.058800 ms)

========================================================================
Received Prepare
Registering precompiled user dll's ...
Registered in 0.000553 seconds.
Begin MonoManager ReloadAssembly
Native extension for WindowsStandalone target not found
Refreshing native plugins compatible for Editor in 0.18 ms, found 0 plugins.
Preloading 0 native plugins for Editor in 0.00 ms.
Invoked RoslynAnalysisRunner static constructor.
RoslynAnalysisRunner will not be running.
RoslynAnalysisRunner has terminated.
Mono: successfully reloaded assembly
- Completed reload, in  0.673 seconds
Platform modules already initialized, skipping
Refreshing native plugins compatible for Editor in 0.18 ms, found 0 plugins.
Preloading 0 native plugins for Editor in 0.00 ms.
Unloading 1126 Unused Serialized files (Serialized files now loaded: 0)
System memory in use before: 57.7 MB.
System memory in use after: 57.8 MB.

Unloading 5 unused Assets to reduce memory usage. Loaded Objects now: 1650.
Total: 1.777000 ms (FindLiveObjects: 0.140000 ms CreateObjectMapping: 0.030700 ms MarkObjects: 1.568500 ms  DeleteObjects: 0.037100 ms)

========================================================================
Received Import Request.
  Time since last request: 2833.646326 seconds.
  path: Assets/Scenes/Finish.unity
  artifactKey: Guid(95ed16d1dd8100241a0a7106602a6ec5) Importer(815301076,1909f56bfc062723c751e8b465ee728b)
Start importing Assets/Scenes/Finish.unity using Guid(95ed16d1dd8100241a0a7106602a6ec5) Importer(815301076,1909f56bfc062723c751e8b465ee728b)  -> (artifact id: 'b398afdfc2507280737ff77a77b1b32a') in 0.014009 seconds
  Import took 0.016279 seconds .

========================================================================
Received Import Request.
  Time since last request: 2.127649 seconds.
  path: Assets/Scenes/FinishScreen.unity
  artifactKey: Guid(8aebd201acb061c46af8039fa2686c12) Importer(815301076,1909f56bfc062723c751e8b465ee728b)
Start importing Assets/Scenes/FinishScreen.unity using Guid(8aebd201acb061c46af8039fa2686c12) Importer(815301076,1909f56bfc062723c751e8b465ee728b)  -> (artifact id: '9faefeed93af6caf9cb8b8c59e349379') in 0.010740 seconds
  Import took 0.012725 seconds .

========================================================================
Received Import Request.
  Time since last request: 0.000354 seconds.
  path: Assets/Scenes/FinishScreen.unity
  artifactKey: Guid(8aebd201acb061c46af8039fa2686c12) Importer(815301076,1909f56bfc062723c751e8b465ee728b)
Start importing Assets/Scenes/FinishScreen.unity using Guid(8aebd201acb061c46af8039fa2686c12) Importer(815301076,1909f56bfc062723c751e8b465ee728b)  -> (artifact id: '9faefeed93af6caf9cb8b8c59e349379') in 0.004029 seconds
  Import took 0.005940 seconds .

========================================================================
Received Prepare
Registering precompiled user dll's ...
Registered in 0.000660 seconds.
Begin MonoManager ReloadAssembly
Native extension for WindowsStandalone target not found
Refreshing native plugins compatible for Editor in 0.17 ms, found 0 plugins.
Preloading 0 native plugins for Editor in 0.00 ms.
Invoked RoslynAnalysisRunner static constructor.
RoslynAnalysisRunner will not be running.
RoslynAnalysisRunner has terminated.
Mono: successfully reloaded assembly
- Completed reload, in  0.620 seconds
Platform modules already initialized, skipping
Refreshing native plugins compatible for Editor in 0.18 ms, found 0 plugins.
Preloading 0 native plugins for Editor in 0.00 ms.
Unloading 1126 Unused Serialized files (Serialized files now loaded: 0)
System memory in use before: 57.8 MB.
System memory in use after: 57.8 MB.

Unloading 5 unused Assets to reduce memory usage. Loaded Objects now: 1653.
Total: 1.492500 ms (FindLiveObjects: 0.149300 ms CreateObjectMapping: 0.027800 ms MarkObjects: 1.257000 ms  DeleteObjects: 0.057400 ms)

========================================================================
Received Prepare
Registering precompiled user dll's ...
Registered in 0.000834 seconds.
Begin MonoManager ReloadAssembly
Native extension for WindowsStandalone target not found
Refreshing native plugins compatible for Editor in 0.24 ms, found 0 plugins.
Preloading 0 native plugins for Editor in 0.00 ms.
Invoked RoslynAnalysisRunner static constructor.
RoslynAnalysisRunner will not be running.
RoslynAnalysisRunner has terminated.
Mono: successfully reloaded assembly
- Completed reload, in  0.699 seconds
Platform modules already initialized, skipping
Refreshing native plugins compatible for Editor in 0.18 ms, found 0 plugins.
Preloading 0 native plugins for Editor in 0.00 ms.
Unloading 1126 Unused Serialized files (Serialized files now loaded: 0)
System memory in use before: 57.8 MB.
System memory in use after: 57.8 MB.

Unloading 5 unused Assets to reduce memory usage. Loaded Objects now: 1656.
Total: 1.562500 ms (FindLiveObjects: 0.148800 ms CreateObjectMapping: 0.031400 ms MarkObjects: 1.323200 ms  DeleteObjects: 0.058600 ms)

========================================================================
Received Import Request.
  Time since last request: 110.700596 seconds.
  path: Assets/Scripts/FinishScript.cs
  artifactKey: Guid(c0a6072326d131244abbdd170dc2fbda) Importer(815301076,1909f56bfc062723c751e8b465ee728b)
Start importing Assets/Scripts/FinishScript.cs using Guid(c0a6072326d131244abbdd170dc2fbda) Importer(815301076,1909f56bfc062723c751e8b465ee728b)  -> (artifact id: 'b6ccd37c437429cf761ca1f2f88f358b') in 0.007744 seconds
  Import took 0.011819 seconds .

========================================================================
Received Prepare
Registering precompiled user dll's ...
Registered in 0.000550 seconds.
Begin MonoManager ReloadAssembly
Native extension for WindowsStandalone target not found
Refreshing native plugins compatible for Editor in 0.18 ms, found 0 plugins.
Preloading 0 native plugins for Editor in 0.00 ms.
Invoked RoslynAnalysisRunner static constructor.
RoslynAnalysisRunner will not be running.
RoslynAnalysisRunner has terminated.
Mono: successfully reloaded assembly
- Completed reload, in  0.644 seconds
Platform modules already initialized, skipping
Refreshing native plugins compatible for Editor in 0.17 ms, found 0 plugins.
Preloading 0 native plugins for Editor in 0.00 ms.
Unloading 1126 Unused Serialized files (Serialized files now loaded: 0)
System memory in use before: 57.8 MB.
System memory in use after: 57.8 MB.

Unloading 5 unused Assets to reduce memory usage. Loaded Objects now: 1659.
Total: 1.501000 ms (FindLiveObjects: 0.127400 ms CreateObjectMapping: 0.031200 ms MarkObjects: 1.306700 ms  DeleteObjects: 0.034900 ms)

========================================================================
Received Prepare
Registering precompiled user dll's ...
Registered in 0.000757 seconds.
Begin MonoManager ReloadAssembly
Native extension for WindowsStandalone target not found
Refreshing native plugins compatible for Editor in 0.22 ms, found 0 plugins.
Preloading 0 native plugins for Editor in 0.00 ms.
Invoked RoslynAnalysisRunner static constructor.
RoslynAnalysisRunner will not be running.
RoslynAnalysisRunner has terminated.
Mono: successfully reloaded assembly
- Completed reload, in  0.834 seconds
Platform modules already initialized, skipping
Refreshing native plugins compatible for Editor in 0.25 ms, found 0 plugins.
Preloading 0 native plugins for Editor in 0.00 ms.
Unloading 1126 Unused Serialized files (Serialized files now loaded: 0)
System memory in use before: 57.8 MB.
System memory in use after: 57.8 MB.

Unloading 5 unused Assets to reduce memory usage. Loaded Objects now: 1662.
Total: 1.576100 ms (FindLiveObjects: 0.123100 ms CreateObjectMapping: 0.031700 ms MarkObjects: 1.380700 ms  DeleteObjects: 0.039600 ms)

========================================================================
Received Prepare
Registering precompiled user dll's ...
Registered in 0.000606 seconds.
Begin MonoManager ReloadAssembly
Native extension for WindowsStandalone target not found
Refreshing native plugins compatible for Editor in 0.18 ms, found 0 plugins.
Preloading 0 native plugins for Editor in 0.00 ms.
Invoked RoslynAnalysisRunner static constructor.
RoslynAnalysisRunner will not be running.
RoslynAnalysisRunner has terminated.
Mono: successfully reloaded assembly
- Completed reload, in  0.690 seconds
Platform modules already initialized, skipping
Refreshing native plugins compatible for Editor in 0.19 ms, found 0 plugins.
Preloading 0 native plugins for Editor in 0.00 ms.
Unloading 1126 Unused Serialized files (Serialized files now loaded: 0)
System memory in use before: 57.8 MB.
System memory in use after: 57.9 MB.

Unloading 5 unused Assets to reduce memory usage. Loaded Objects now: 1665.
Total: 1.798000 ms (FindLiveObjects: 0.183700 ms CreateObjectMapping: 0.075400 ms MarkObjects: 1.478700 ms  DeleteObjects: 0.058900 ms)

========================================================================
Received Prepare
Registering precompiled user dll's ...
Registered in 0.000699 seconds.
Begin MonoManager ReloadAssembly
Native extension for WindowsStandalone target not found
Refreshing native plugins compatible for Editor in 0.17 ms, found 0 plugins.
Preloading 0 native plugins for Editor in 0.00 ms.
Invoked RoslynAnalysisRunner static constructor.
RoslynAnalysisRunner will not be running.
RoslynAnalysisRunner has terminated.
Mono: successfully reloaded assembly
- Completed reload, in  0.642 seconds
Platform modules already initialized, skipping
Refreshing native plugins compatible for Editor in 0.18 ms, found 0 plugins.
Preloading 0 native plugins for Editor in 0.00 ms.
Unloading 1126 Unused Serialized files (Serialized files now loaded: 0)
System memory in use before: 57.8 MB.
System memory in use after: 57.9 MB.

Unloading 5 unused Assets to reduce memory usage. Loaded Objects now: 1668.
Total: 1.520700 ms (FindLiveObjects: 0.158300 ms CreateObjectMapping: 0.040600 ms MarkObjects: 1.277200 ms  DeleteObjects: 0.043600 ms)

========================================================================
Received Prepare
Registering precompiled user dll's ...
Registered in 0.000463 seconds.
Begin MonoManager ReloadAssembly
Native extension for WindowsStandalone target not found
Refreshing native plugins compatible for Editor in 0.18 ms, found 0 plugins.
Preloading 0 native plugins for Editor in 0.00 ms.
Invoked RoslynAnalysisRunner static constructor.
RoslynAnalysisRunner will not be running.
RoslynAnalysisRunner has terminated.
Mono: successfully reloaded assembly
- Completed reload, in  0.658 seconds
Platform modules already initialized, skipping
Refreshing native plugins compatible for Editor in 0.18 ms, found 0 plugins.
Preloading 0 native plugins for Editor in 0.00 ms.
Unloading 1126 Unused Serialized files (Serialized files now loaded: 0)
System memory in use before: 57.8 MB.
System memory in use after: 57.9 MB.

Unloading 5 unused Assets to reduce memory usage. Loaded Objects now: 1671.
Total: 3.700200 ms (FindLiveObjects: 0.386600 ms CreateObjectMapping: 0.157800 ms MarkObjects: 3.067100 ms  DeleteObjects: 0.086400 ms)

========================================================================
Received Import Request.
  Time since last request: 2051.151696 seconds.
  path: Assets/Scenes/Finish.unity
  artifactKey: Guid(95ed16d1dd8100241a0a7106602a6ec5) Importer(815301076,1909f56bfc062723c751e8b465ee728b)
Start importing Assets/Scenes/Finish.unity using Guid(95ed16d1dd8100241a0a7106602a6ec5) Importer(815301076,1909f56bfc062723c751e8b465ee728b)  -> (artifact id: '93a385876f003ad5ba235eb039b3f199') in 0.011487 seconds
  Import took 0.014466 seconds .

========================================================================
Received Import Request.
  Time since last request: 100.195511 seconds.
  path: Assets/Scenes/Finish.unity
  artifactKey: Guid(95ed16d1dd8100241a0a7106602a6ec5) Importer(815301076,1909f56bfc062723c751e8b465ee728b)
Start importing Assets/Scenes/Finish.unity using Guid(95ed16d1dd8100241a0a7106602a6ec5) Importer(815301076,1909f56bfc062723c751e8b465ee728b)  -> (artifact id: 'fb163e7840f71894068fb64f6dc2466f') in 0.003290 seconds
  Import took 0.005331 seconds .

========================================================================
Received Import Request.
  Time since last request: 29.258896 seconds.
  path: Assets/Scenes/Level003.unity
  artifactKey: Guid(dcb4b012ad0ebab4fb05a234c4f7563b) Importer(815301076,1909f56bfc062723c751e8b465ee728b)
Start importing Assets/Scenes/Level003.unity using Guid(dcb4b012ad0ebab4fb05a234c4f7563b) Importer(815301076,1909f56bfc062723c751e8b465ee728b)  -> (artifact id: 'c49c01756737f5a62413b27b1e5eabca') in 0.015447 seconds
  Import took 0.017610 seconds .

========================================================================
Received Import Request.
  Time since last request: 1.170085 seconds.
  path: Assets/Scenes/MainMenu.unity
  artifactKey: Guid(d4f800c125395ea448d4fe1a8d2b5d4e) Importer(815301076,1909f56bfc062723c751e8b465ee728b)
Start importing Assets/Scenes/MainMenu.unity using Guid(d4f800c125395ea448d4fe1a8d2b5d4e) Importer(815301076,1909f56bfc062723c751e8b465ee728b)  -> (artifact id: '5cf284ebef73627d92b18578381198ae') in 0.007659 seconds
  Import took 0.010371 seconds .

========================================================================
Received Import Request.
  Time since last request: 1.847740 seconds.
  path: Assets/Scenes/SplashScreen.unity
  artifactKey: Guid(b672c50d5703ce94491fdf25b81a0270) Importer(815301076,1909f56bfc062723c751e8b465ee728b)
Start importing Assets/Scenes/SplashScreen.unity using Guid(b672c50d5703ce94491fdf25b81a0270) Importer(815301076,1909f56bfc062723c751e8b465ee728b)  -> (artifact id: '502b72d94c372a0eb952bf33451d9669') in 0.012216 seconds
  Import took 0.014714 seconds .

========================================================================
Received Prepare
Registering precompiled user dll's ...
Registered in 0.000853 seconds.
Begin MonoManager ReloadAssembly
Native extension for WindowsStandalone target not found
Refreshing native plugins compatible for Editor in 0.17 ms, found 0 plugins.
Preloading 0 native plugins for Editor in 0.00 ms.
Invoked RoslynAnalysisRunner static constructor.
RoslynAnalysisRunner will not be running.
RoslynAnalysisRunner has terminated.
Mono: successfully reloaded assembly
- Completed reload, in  0.657 seconds
Platform modules already initialized, skipping
Refreshing native plugins compatible for Editor in 0.18 ms, found 0 plugins.
Preloading 0 native plugins for Editor in 0.00 ms.
Unloading 1126 Unused Serialized files (Serialized files now loaded: 0)
System memory in use before: 57.8 MB.
System memory in use after: 57.9 MB.

Unloading 5 unused Assets to reduce memory usage. Loaded Objects now: 1674.
Total: 1.700800 ms (FindLiveObjects: 0.167400 ms CreateObjectMapping: 0.030700 ms MarkObjects: 1.414700 ms  DeleteObjects: 0.087300 ms)

========================================================================
Received Import Request.
  Time since last request: 194.429888 seconds.
  path: Assets/Scenes/Level001.unity
  artifactKey: Guid(9fc0d4010bbf28b4594072e72b8655ab) Importer(815301076,1909f56bfc062723c751e8b465ee728b)
Start importing Assets/Scenes/Level001.unity using Guid(9fc0d4010bbf28b4594072e72b8655ab) Importer(815301076,1909f56bfc062723c751e8b465ee728b)  -> (artifact id: '31180cd67adb4fdfeaaedbb91f40dc68') in 0.012894 seconds
  Import took 0.015136 seconds .

========================================================================
Received Import Request.
  Time since last request: 164.149680 seconds.
  path: Assets/Scenes/Level002.unity
  artifactKey: Guid(1413996219cb51945845b3ea96bae507) Importer(815301076,1909f56bfc062723c751e8b465ee728b)
Start importing Assets/Scenes/Level002.unity using Guid(1413996219cb51945845b3ea96bae507) Importer(815301076,1909f56bfc062723c751e8b465ee728b)  -> (artifact id: 'fb364b43254e7e3f75258cc77112cdf4') in 0.008969 seconds
  Import took 0.011452 seconds .

========================================================================
Received Prepare
Registering precompiled user dll's ...
Registered in 0.000897 seconds.
Begin MonoManager ReloadAssembly
Native extension for WindowsStandalone target not found
Refreshing native plugins compatible for Editor in 0.19 ms, found 0 plugins.
Preloading 0 native plugins for Editor in 0.00 ms.
Invoked RoslynAnalysisRunner static constructor.
RoslynAnalysisRunner will not be running.
RoslynAnalysisRunner has terminated.
Mono: successfully reloaded assembly
- Completed reload, in  0.752 seconds
Platform modules already initialized, skipping
Refreshing native plugins compatible for Editor in 0.26 ms, found 0 plugins.
Preloading 0 native plugins for Editor in 0.00 ms.
Unloading 1126 Unused Serialized files (Serialized files now loaded: 0)
System memory in use before: 57.8 MB.
System memory in use after: 57.9 MB.

Unloading 5 unused Assets to reduce memory usage. Loaded Objects now: 1677.
Total: 1.783600 ms (FindLiveObjects: 0.144300 ms CreateObjectMapping: 0.035000 ms MarkObjects: 1.558300 ms  DeleteObjects: 0.044600 ms)

========================================================================
Received Import Request.
  Time since last request: 122.469325 seconds.
  path: Assets/Scenes/Level001.unity
  artifactKey: Guid(9fc0d4010bbf28b4594072e72b8655ab) Importer(815301076,1909f56bfc062723c751e8b465ee728b)
Start importing Assets/Scenes/Level001.unity using Guid(9fc0d4010bbf28b4594072e72b8655ab) Importer(815301076,1909f56bfc062723c751e8b465ee728b)  -> (artifact id: 'a4ae297abf383274576f0d79bfb7eb90') in 0.014471 seconds
  Import took 0.017463 seconds .

========================================================================
Received Import Request.
  Time since last request: 164.927011 seconds.
  path: Assets/Scenes/Level002.unity
  artifactKey: Guid(1413996219cb51945845b3ea96bae507) Importer(815301076,1909f56bfc062723c751e8b465ee728b)
Start importing Assets/Scenes/Level002.unity using Guid(1413996219cb51945845b3ea96bae507) Importer(815301076,1909f56bfc062723c751e8b465ee728b)  -> (artifact id: 'd15feaec3d9c6c23c71716d512d1b2e1') in 0.003651 seconds
  Import took 0.005457 seconds .

========================================================================
Received Import Request.
  Time since last request: 24.968785 seconds.
  path: Assets/Scenes/Level003.unity
  artifactKey: Guid(dcb4b012ad0ebab4fb05a234c4f7563b) Importer(815301076,1909f56bfc062723c751e8b465ee728b)
Start importing Assets/Scenes/Level003.unity using Guid(dcb4b012ad0ebab4fb05a234c4f7563b) Importer(815301076,1909f56bfc062723c751e8b465ee728b)  -> (artifact id: 'f8586d2ce25590da3f7984a981f664d2') in 0.003965 seconds
  Import took 0.005947 seconds .

========================================================================
Received Prepare
Registering precompiled user dll's ...
Registered in 0.000574 seconds.
Begin MonoManager ReloadAssembly
Native extension for WindowsStandalone target not found
Refreshing native plugins compatible for Editor in 0.20 ms, found 0 plugins.
Preloading 0 native plugins for Editor in 0.00 ms.
Invoked RoslynAnalysisRunner static constructor.
RoslynAnalysisRunner will not be running.
RoslynAnalysisRunner has terminated.
Mono: successfully reloaded assembly
- Completed reload, in  0.716 seconds
Platform modules already initialized, skipping
Refreshing native plugins compatible for Editor in 0.18 ms, found 0 plugins.
Preloading 0 native plugins for Editor in 0.00 ms.
Unloading 1126 Unused Serialized files (Serialized files now loaded: 0)
System memory in use before: 57.9 MB.
System memory in use after: 57.9 MB.

Unloading 5 unused Assets to reduce memory usage. Loaded Objects now: 1680.
Total: 1.963400 ms (FindLiveObjects: 0.188400 ms CreateObjectMapping: 0.041300 ms MarkObjects: 1.674900 ms  DeleteObjects: 0.057400 ms)

========================================================================
Received Import Request.
  Time since last request: 243.114684 seconds.
  path: Assets/Materials/banner.png
  artifactKey: Guid(493fbb0342874754396368ff857fc50f) Importer(815301076,1909f56bfc062723c751e8b465ee728b)
Start importing Assets/Materials/banner.png using Guid(493fbb0342874754396368ff857fc50f) Importer(815301076,1909f56bfc062723c751e8b465ee728b)  -> (artifact id: '3fa3fc83e60ae95cfec64c7cbd5e7977') in 0.079779 seconds
  Import took 0.081802 seconds .

========================================================================
Received Import Request.
  Time since last request: 0.000245 seconds.
  path: Assets/Materials/icon.png
  artifactKey: Guid(b3072c80dc87d0a48ba177c45a7c5e97) Importer(815301076,1909f56bfc062723c751e8b465ee728b)
Start importing Assets/Materials/icon.png using Guid(b3072c80dc87d0a48ba177c45a7c5e97) Importer(815301076,1909f56bfc062723c751e8b465ee728b)  -> (artifact id: '1db386afb512907884d90b7b86ed28d5') in 0.016880 seconds
  Import took 0.018820 seconds .

========================================================================
Received Import Request.
  Time since last request: 408.712830 seconds.
  path: Assets/Materials/banner.png
  artifactKey: Guid(493fbb0342874754396368ff857fc50f) Importer(815301076,1909f56bfc062723c751e8b465ee728b)
Start importing Assets/Materials/banner.png using Guid(493fbb0342874754396368ff857fc50f) Importer(815301076,1909f56bfc062723c751e8b465ee728b)  -> (artifact id: '5d50483b9bb32446cb5fa0f60b07118e') in 0.020530 seconds
  Import took 0.022424 seconds .

========================================================================
Received Import Request.
  Time since last request: 0.000207 seconds.
  path: Assets/Materials/icon2.png
  artifactKey: Guid(72f2e6d28ff33aa4ca97dde174375da0) Importer(815301076,1909f56bfc062723c751e8b465ee728b)
Start importing Assets/Materials/icon2.png using Guid(72f2e6d28ff33aa4ca97dde174375da0) Importer(815301076,1909f56bfc062723c751e8b465ee728b)  -> (artifact id: 'f3cf5384757a506f2673d5a896be179f') in 0.018517 seconds
  Import took 0.020376 seconds .

========================================================================
Received Prepare
Refreshing native plugins compatible for Editor in 0.60 ms, found 0 plugins.
Preloading 0 native plugins for Editor in 0.00 ms.
Unloading 3 Unused Serialized files (Serialized files now loaded: 0)
System memory in use before: 35.7 MB.
System memory in use after: 35.8 MB.

Unloading 3 unused Assets to reduce memory usage. Loaded Objects now: 1683.
Total: 2.579200 ms (FindLiveObjects: 0.203100 ms CreateObjectMapping: 0.045000 ms MarkObjects: 2.206600 ms  DeleteObjects: 0.123100 ms)

========================================================================
Received Import Request.
  Time since last request: 752.045886 seconds.
  path: Assets/Scenes/Level001.unity
  artifactKey: Guid(9fc0d4010bbf28b4594072e72b8655ab) Importer(815301076,1909f56bfc062723c751e8b465ee728b)
Start importing Assets/Scenes/Level001.unity using Guid(9fc0d4010bbf28b4594072e72b8655ab) Importer(815301076,1909f56bfc062723c751e8b465ee728b)  -> (artifact id: '59ab509b0cc8468c7adabe1c4b2f8003') in 0.009412 seconds
  Import took 0.012369 seconds .

AssetImportWorkerClient::OnTransportError - code=2 error=End of file
